Info: Starting: Create block symbol file (.bsf)
Info: qsys-generate D:\Programy\QuartusPrimeLite\MojeProjekty\NIOS_II\processor.qsys --block-symbol-file --output-directory=D:\Programy\QuartusPrimeLite\MojeProjekty\NIOS_II\processor --family="MAX 10" --part=10M08DAF256C8GES
Progress: Loading NIOS_II/processor.qsys
Progress: Reading input file
Progress: Adding clk_0 [clock_source 15.1]
Progress: Parameterizing module clk_0
Progress: Adding jtag_uart_0 [altera_avalon_jtag_uart 15.1]
Progress: Parameterizing module jtag_uart_0
Progress: Adding nios2_gen2_0 [altera_nios2_gen2 15.1]
Progress: Parameterizing module nios2_gen2_0
Progress: Adding onchip_memory2_0 [altera_avalon_onchip_memory2 15.1]
Progress: Parameterizing module onchip_memory2_0
Progress: Adding spi_0 [altera_avalon_spi 15.1]
Progress: Parameterizing module spi_0
Progress: Building connections
Progress: Parameterizing connections
Progress: Validating
Progress: Done reading input file
Info: qsys-generate succeeded.
Info: Finished: Create block symbol file (.bsf)
Info: 
Info: Starting: Create HDL design files for synthesis
Info: qsys-generate D:\Programy\QuartusPrimeLite\MojeProjekty\NIOS_II\processor.qsys --synthesis=VHDL --output-directory=D:\Programy\QuartusPrimeLite\MojeProjekty\NIOS_II\processor\synthesis --family="MAX 10" --part=10M08DAF256C8GES
Progress: Loading NIOS_II/processor.qsys
Progress: Reading input file
Progress: Adding clk_0 [clock_source 15.1]
Progress: Parameterizing module clk_0
Progress: Adding jtag_uart_0 [altera_avalon_jtag_uart 15.1]
Progress: Parameterizing module jtag_uart_0
Progress: Adding nios2_gen2_0 [altera_nios2_gen2 15.1]
Progress: Parameterizing module nios2_gen2_0
Progress: Adding onchip_memory2_0 [altera_avalon_onchip_memory2 15.1]
Progress: Parameterizing module onchip_memory2_0
Progress: Adding spi_0 [altera_avalon_spi 15.1]
Progress: Parameterizing module spi_0
Progress: Building connections
Progress: Parameterizing connections
Progress: Validating
Progress: Done reading input file
Info: processor: Generating processor "processor" for QUARTUS_SYNTH
Info: jtag_uart_0: Starting RTL generation for module 'processor_jtag_uart_0'
Info: jtag_uart_0:   Generation command is [exec D:/programy/quartusprimelite/quartus/bin64/perl/bin/perl.exe -I D:/programy/quartusprimelite/quartus/bin64/perl/lib -I D:/programy/quartusprimelite/quartus/sopc_builder/bin/europa -I D:/programy/quartusprimelite/quartus/sopc_builder/bin/perl_lib -I D:/programy/quartusprimelite/quartus/sopc_builder/bin -I D:/programy/quartusprimelite/quartus/../ip/altera/sopc_builder_ip/common -I D:/programy/quartusprimelite/quartus/../ip/altera/sopc_builder_ip/altera_avalon_jtag_uart -- D:/programy/quartusprimelite/quartus/../ip/altera/sopc_builder_ip/altera_avalon_jtag_uart/generate_rtl.pl --name=processor_jtag_uart_0 --dir=C:/Users/Przemek/AppData/Local/Temp/alt7317_3920361174831957762.dir/0001_jtag_uart_0_gen/ --quartus_dir=D:/programy/quartusprimelite/quartus --verilog --config=C:/Users/Przemek/AppData/Local/Temp/alt7317_3920361174831957762.dir/0001_jtag_uart_0_gen//processor_jtag_uart_0_component_configuration.pl  --do_build_sim=0  ]
Info: jtag_uart_0: Done RTL generation for module 'processor_jtag_uart_0'
Info: jtag_uart_0: "processor" instantiated altera_avalon_jtag_uart "jtag_uart_0"
Info: nios2_gen2_0: "processor" instantiated altera_nios2_gen2 "nios2_gen2_0"
Info: onchip_memory2_0: Starting RTL generation for module 'processor_onchip_memory2_0'
Info: onchip_memory2_0:   Generation command is [exec D:/programy/quartusprimelite/quartus/bin64/perl/bin/perl.exe -I D:/programy/quartusprimelite/quartus/bin64/perl/lib -I D:/programy/quartusprimelite/quartus/sopc_builder/bin/europa -I D:/programy/quartusprimelite/quartus/sopc_builder/bin/perl_lib -I D:/programy/quartusprimelite/quartus/sopc_builder/bin -I D:/programy/quartusprimelite/quartus/../ip/altera/sopc_builder_ip/common -I D:/programy/quartusprimelite/quartus/../ip/altera/sopc_builder_ip/altera_avalon_onchip_memory2 -- D:/programy/quartusprimelite/quartus/../ip/altera/sopc_builder_ip/altera_avalon_onchip_memory2/generate_rtl.pl --name=processor_onchip_memory2_0 --dir=C:/Users/Przemek/AppData/Local/Temp/alt7317_3920361174831957762.dir/0002_onchip_memory2_0_gen/ --quartus_dir=D:/programy/quartusprimelite/quartus --verilog --config=C:/Users/Przemek/AppData/Local/Temp/alt7317_3920361174831957762.dir/0002_onchip_memory2_0_gen//processor_onchip_memory2_0_component_configuration.pl  --do_build_sim=0  ]
Info: onchip_memory2_0: Done RTL generation for module 'processor_onchip_memory2_0'
Info: onchip_memory2_0: "processor" instantiated altera_avalon_onchip_memory2 "onchip_memory2_0"
Info: spi_0: Starting RTL generation for module 'processor_spi_0'
Info: spi_0:   Generation command is [exec D:/programy/quartusprimelite/quartus/bin64/perl/bin/perl.exe -I D:/programy/quartusprimelite/quartus/bin64/perl/lib -I D:/programy/quartusprimelite/quartus/sopc_builder/bin/europa -I D:/programy/quartusprimelite/quartus/sopc_builder/bin/perl_lib -I D:/programy/quartusprimelite/quartus/sopc_builder/bin -I D:/programy/quartusprimelite/quartus/../ip/altera/sopc_builder_ip/common -I D:/programy/quartusprimelite/quartus/../ip/altera/sopc_builder_ip/altera_avalon_spi -- D:/programy/quartusprimelite/quartus/../ip/altera/sopc_builder_ip/altera_avalon_spi/generate_rtl.pl --name=processor_spi_0 --dir=C:/Users/Przemek/AppData/Local/Temp/alt7317_3920361174831957762.dir/0003_spi_0_gen/ --quartus_dir=D:/programy/quartusprimelite/quartus --verilog --config=C:/Users/Przemek/AppData/Local/Temp/alt7317_3920361174831957762.dir/0003_spi_0_gen//processor_spi_0_component_configuration.pl  --do_build_sim=0  ]
Info: spi_0: Done RTL generation for module 'processor_spi_0'
Info: spi_0: "processor" instantiated altera_avalon_spi "spi_0"
Info: avalon_st_adapter: Inserting error_adapter: error_adapter_0
Info: avalon_st_adapter_001: Inserting error_adapter: error_adapter_0
Info: avalon_st_adapter_002: Inserting error_adapter: error_adapter_0
Info: avalon_st_adapter_003: Inserting error_adapter: error_adapter_0
Info: mm_interconnect_0: "processor" instantiated altera_mm_interconnect "mm_interconnect_0"
Info: irq_mapper: "processor" instantiated altera_irq_mapper "irq_mapper"
Info: rst_controller: "processor" instantiated altera_reset_controller "rst_controller"
Info: cpu: Starting RTL generation for module 'processor_nios2_gen2_0_cpu'
Info: cpu:   Generation command is [exec D:/Programy/QuartusPrimeLite/quartus/bin64//eperlcmd.exe -I D:/Programy/QuartusPrimeLite/quartus/bin64//perl/lib -I D:/programy/quartusprimelite/quartus/sopc_builder/bin/europa -I D:/programy/quartusprimelite/quartus/sopc_builder/bin/perl_lib -I D:/programy/quartusprimelite/quartus/sopc_builder/bin -I D:/programy/quartusprimelite/quartus/../ip/altera/nios2_ip/altera_nios2_gen2/cpu_lib -I D:/programy/quartusprimelite/quartus/../ip/altera/nios2_ip/altera_nios2_gen2/nios_lib -I D:/programy/quartusprimelite/quartus/../ip/altera/nios2_ip/altera_nios2_gen2 -I D:/programy/quartusprimelite/quartus/../ip/altera/nios2_ip/altera_nios2_gen2 -- D:/programy/quartusprimelite/quartus/../ip/altera/nios2_ip/altera_nios2_gen2/generate_rtl.epl --name=processor_nios2_gen2_0_cpu --dir=C:/Users/Przemek/AppData/Local/Temp/alt7317_3920361174831957762.dir/0006_cpu_gen/ --quartus_bindir=D:/Programy/QuartusPrimeLite/quartus/bin64/ --verilog --config=C:/Users/Przemek/AppData/Local/Temp/alt7317_3920361174831957762.dir/0006_cpu_gen//processor_nios2_gen2_0_cpu_processor_configuration.pl  --do_build_sim=0  ]
Info: cpu: # 2017.05.31 18:50:42 (*) Starting Nios II generation
Info: cpu: # 2017.05.31 18:50:42 (*)   Checking for plaintext license.
Info: cpu: # 2017.05.31 18:50:42 (*)   Couldn't query license setup in Quartus directory D:/Programy/QuartusPrimeLite/quartus/bin64/
Info: cpu: # 2017.05.31 18:50:42 (*)   Defaulting to contents of LM_LICENSE_FILE environment variable
Info: cpu: # 2017.05.31 18:50:42 (*)   LM_LICENSE_FILE environment variable is empty
Info: cpu: # 2017.05.31 18:50:42 (*)   Plaintext license not found.
Info: cpu: # 2017.05.31 18:50:42 (*)   No license required to generate encrypted Nios II/e.
Info: cpu: # 2017.05.31 18:50:42 (*)   Elaborating CPU configuration settings
Info: cpu: # 2017.05.31 18:50:42 (*)   Creating all objects for CPU
Info: cpu: # 2017.05.31 18:50:43 (*)   Generating RTL from CPU objects
Info: cpu: # 2017.05.31 18:50:43 (*)   Creating plain-text RTL
Info: cpu: # 2017.05.31 18:50:44 (*) Done Nios II generation
Info: cpu: Done RTL generation for module 'processor_nios2_gen2_0_cpu'
Info: cpu: "nios2_gen2_0" instantiated altera_nios2_gen2_unit "cpu"
Info: nios2_gen2_0_data_master_translator: "mm_interconnect_0" instantiated altera_merlin_master_translator "nios2_gen2_0_data_master_translator"
Info: jtag_uart_0_avalon_jtag_slave_translator: "mm_interconnect_0" instantiated altera_merlin_slave_translator "jtag_uart_0_avalon_jtag_slave_translator"
Info: nios2_gen2_0_data_master_agent: "mm_interconnect_0" instantiated altera_merlin_master_agent "nios2_gen2_0_data_master_agent"
Info: jtag_uart_0_avalon_jtag_slave_agent: "mm_interconnect_0" instantiated altera_merlin_slave_agent "jtag_uart_0_avalon_jtag_slave_agent"
Info: jtag_uart_0_avalon_jtag_slave_agent_rsp_fifo: "mm_interconnect_0" instantiated altera_avalon_sc_fifo "jtag_uart_0_avalon_jtag_slave_agent_rsp_fifo"
Info: router: "mm_interconnect_0" instantiated altera_merlin_router "router"
Info: router_001: "mm_interconnect_0" instantiated altera_merlin_router "router_001"
Info: router_002: "mm_interconnect_0" instantiated altera_merlin_router "router_002"
Info: router_003: "mm_interconnect_0" instantiated altera_merlin_router "router_003"
Info: cmd_demux: "mm_interconnect_0" instantiated altera_merlin_demultiplexer "cmd_demux"
Info: cmd_demux_001: "mm_interconnect_0" instantiated altera_merlin_demultiplexer "cmd_demux_001"
Info: cmd_mux: "mm_interconnect_0" instantiated altera_merlin_multiplexer "cmd_mux"
Info: cmd_mux_001: "mm_interconnect_0" instantiated altera_merlin_multiplexer "cmd_mux_001"
Info: Reusing file D:/Programy/QuartusPrimeLite/MojeProjekty/NIOS_II/processor/synthesis/submodules/altera_merlin_arbitrator.sv
Info: rsp_demux: "mm_interconnect_0" instantiated altera_merlin_demultiplexer "rsp_demux"
Info: rsp_mux: "mm_interconnect_0" instantiated altera_merlin_multiplexer "rsp_mux"
Info: Reusing file D:/Programy/QuartusPrimeLite/MojeProjekty/NIOS_II/processor/synthesis/submodules/altera_merlin_arbitrator.sv
Info: rsp_mux_001: "mm_interconnect_0" instantiated altera_merlin_multiplexer "rsp_mux_001"
Info: Reusing file D:/Programy/QuartusPrimeLite/MojeProjekty/NIOS_II/processor/synthesis/submodules/altera_merlin_arbitrator.sv
Info: avalon_st_adapter: "mm_interconnect_0" instantiated altera_avalon_st_adapter "avalon_st_adapter"
Info: error_adapter_0: "avalon_st_adapter" instantiated error_adapter "error_adapter_0"
Info: processor: Done "processor" with 27 modules, 39 files
Info: qsys-generate succeeded.
Info: Finished: Create HDL design files for synthesis
