13:20:28 **** Incremental Build of configuration Nios II for project SPI ****
make all 
Info: Building ../SPI_bsp/
D:/Programy/QuartusPrimeLite/nios2eds/bin/gnu/H-x86_64-mingw32/bin/make --no-print-directory -C ../SPI_bsp/
[BSP build complete]
Info: Compiling main.c to obj/default/main.o
nios2-elf-gcc -xc -MP -MMD -c -I../SPI_bsp//HAL/inc -I../SPI_bsp/ -I../SPI_bsp//drivers/inc  -pipe -D__hal__ -DALT_NO_C_PLUS_PLUS -DALT_NO_CLEAN_EXIT -D'exit(a)=_exit(a)' -DALT_NO_EXIT -DALT_USE_DIRECT_DRIVERS -DALT_NO_INSTRUCTION_EMULATION -DALT_USE_SMALL_DRIVERS -DSMALL_C_LIB -DALT_SINGLE_THREADED    -Os -g -Wall   -mno-hw-div -mno-hw-mul -mno-hw-mulx  -o obj/default/main.o main.c
main.c: In function 'timer_isr':
main.c:122:9: warning: variable 'temp' set but not used [-Wunused-but-set-variable]
  alt_u8 temp;
         ^
Info: Linking SPI.elf
nios2-elf-g++  -T'../SPI_bsp//linker.x' -msys-crt0='../SPI_bsp//obj/HAL/src/crt0.o' -msys-lib=hal_bsp -L../SPI_bsp/  -msmallc  -Wl,-Map=SPI.map   -Os -g -Wall   -mno-hw-div -mno-hw-mul -mno-hw-mulx  -o SPI.elf obj/default/SDcard.o obj/default/SPI.o obj/default/main.o obj/default/uart.o -lm -msys-lib=m
nios2-elf-insert SPI.elf --thread_model hal --cpu_name nios2_gen2_0 --qsys true --simulation_enabled false --stderr_dev uart_0 --stdin_dev uart_0 --stdout_dev uart_0 --sopc_system_name processor --quartus_project_dir "D:/Programy/QuartusPrimeLite/MojeProjekty/NIOS_II" --jdi ../..//output_files/NIOS_II.jdi --sopcinfo D:/Programy/QuartusPrimeLite/MojeProjekty/NIOS_II/software/SPI_bsp/../../processor.sopcinfo
Info: (SPI.elf) 5152 Bytes program size (code + initialized data).
Info:           2920 Bytes free for stack + heap.
Info: Creating SPI.objdump
nios2-elf-objdump --disassemble --syms --all-header --source SPI.elf >SPI.objdump
[SPI build complete]

13:20:31 Build Finished (took 3s.180ms)

