Flow report for NIOS_II
Tue Oct 24 18:17:00 2017
Quartus Prime Version 15.1.0 Build 185 10/21/2015 SJ Lite Edition


---------------------
; Table of Contents ;
---------------------
  1. Legal Notice
  2. Flow Summary
  3. Flow Settings
  4. Flow Non-Default Global Settings
  5. Flow Elapsed Time
  6. Flow OS Summary
  7. Flow Log
  8. Flow Messages
  9. Flow Suppressed Messages



----------------
; Legal Notice ;
----------------
Copyright (C) 1991-2015 Altera Corporation. All rights reserved.
Your use of Altera Corporation's design tools, logic functions 
and other software and tools, and its AMPP partner logic 
functions, and any output files from any of the foregoing 
(including device programming or simulation files), and any 
associated documentation or information are expressly subject 
to the terms and conditions of the Altera Program License 
Subscription Agreement, the Altera Quartus Prime License Agreement,
the Altera MegaCore Function License Agreement, or other 
applicable license agreement, including, without limitation, 
that your use is for the sole purpose of programming logic 
devices manufactured by Altera and sold by Altera or its 
authorized distributors.  Please refer to the applicable 
agreement for further details.



+----------------------------------------------------------------------------------+
; Flow Summary                                                                     ;
+------------------------------------+---------------------------------------------+
; Flow Status                        ; Successful - Tue Oct 24 18:17:00 2017       ;
; Quartus Prime Version              ; 15.1.0 Build 185 10/21/2015 SJ Lite Edition ;
; Revision Name                      ; NIOS_II                                     ;
; Top-level Entity Name              ; processor                                   ;
; Family                             ; MAX 10                                      ;
; Device                             ; 10M08DAF256C8GES                            ;
; Timing Models                      ; Final                                       ;
; Total logic elements               ; 2,031 / 8,064 ( 25 % )                      ;
;     Total combinational functions  ; 1,814 / 8,064 ( 22 % )                      ;
;     Dedicated logic registers      ; 1,228 / 8,064 ( 15 % )                      ;
; Total registers                    ; 1228                                        ;
; Total pins                         ; 23 / 178 ( 13 % )                           ;
; Total virtual pins                 ; 0                                           ;
; Total memory bits                  ; 92,160 / 387,072 ( 24 % )                   ;
; Embedded Multiplier 9-bit elements ; 0 / 48 ( 0 % )                              ;
; Total PLLs                         ; 1 / 2 ( 50 % )                              ;
; UFM blocks                         ; 0 / 1 ( 0 % )                               ;
; ADC blocks                         ; 0 / 1 ( 0 % )                               ;
+------------------------------------+---------------------------------------------+


+-----------------------------------------+
; Flow Settings                           ;
+-------------------+---------------------+
; Option            ; Setting             ;
+-------------------+---------------------+
; Start date & time ; 10/24/2017 18:15:02 ;
; Main task         ; Compilation         ;
; Revision Name     ; NIOS_II             ;
+-------------------+---------------------+


+----------------------------------------------------------------------------------------------------------------------------+
; Flow Non-Default Global Settings                                                                                           ;
+-------------------------------------+---------------------------------------+---------------+-------------+----------------+
; Assignment Name                     ; Value                                 ; Default Value ; Entity Name ; Section Id     ;
+-------------------------------------+---------------------------------------+---------------+-------------+----------------+
; COMPILER_SIGNATURE_ID               ; 119331719903973.150886170217872       ; --            ; --          ; --             ;
; EDA_OUTPUT_DATA_FORMAT              ; Vhdl                                  ; --            ; --          ; eda_simulation ;
; EDA_SIMULATION_TOOL                 ; ModelSim-Altera (VHDL)                ; <None>        ; --          ; --             ;
; MAX_CORE_JUNCTION_TEMP              ; 85                                    ; --            ; --          ; --             ;
; MIN_CORE_JUNCTION_TEMP              ; 0                                     ; --            ; --          ; --             ;
; PARTITION_COLOR                     ; 16764057                              ; --            ; processor   ; Top            ;
; PARTITION_FITTER_PRESERVATION_LEVEL ; PLACEMENT_AND_ROUTING                 ; --            ; processor   ; Top            ;
; PARTITION_NETLIST_TYPE              ; SOURCE                                ; --            ; processor   ; Top            ;
; POWER_BOARD_THERMAL_MODEL           ; None (CONSERVATIVE)                   ; --            ; --          ; --             ;
; POWER_PRESET_COOLING_SOLUTION       ; 23 MM HEAT SINK WITH 200 LFPM AIRFLOW ; --            ; --          ; --             ;
; PROJECT_OUTPUT_DIRECTORY            ; output_files                          ; --            ; --          ; --             ;
; TOP_LEVEL_ENTITY                    ; processor                             ; NIOS_II       ; --          ; --             ;
+-------------------------------------+---------------------------------------+---------------+-------------+----------------+


+-------------------------------------------------------------------------------------------------------------------------------+
; Flow Elapsed Time                                                                                                             ;
+---------------------------+--------------+-------------------------+---------------------+------------------------------------+
; Module Name               ; Elapsed Time ; Average Processors Used ; Peak Virtual Memory ; Total CPU Time (on all processors) ;
+---------------------------+--------------+-------------------------+---------------------+------------------------------------+
; Analysis & Synthesis      ; 00:01:11     ; 1.0                     ; 937 MB              ; 00:02:09                           ;
; Fitter                    ; 00:00:18     ; 1.4                     ; 1595 MB             ; 00:00:21                           ;
; Assembler                 ; 00:00:02     ; 1.0                     ; 725 MB              ; 00:00:01                           ;
; TimeQuest Timing Analyzer ; 00:00:04     ; 2.0                     ; 857 MB              ; 00:00:06                           ;
; EDA Netlist Writer        ; 00:00:02     ; 1.0                     ; 733 MB              ; 00:00:01                           ;
; Total                     ; 00:01:37     ; --                      ; --                  ; 00:02:38                           ;
+---------------------------+--------------+-------------------------+---------------------+------------------------------------+


+----------------------------------------------------------------------------------------+
; Flow OS Summary                                                                        ;
+---------------------------+------------------+-----------+------------+----------------+
; Module Name               ; Machine Hostname ; OS Name   ; OS Version ; Processor type ;
+---------------------------+------------------+-----------+------------+----------------+
; Analysis & Synthesis      ; Przemek-THINK    ; Windows 7 ; 6.1        ; x86_64         ;
; Fitter                    ; Przemek-THINK    ; Windows 7 ; 6.1        ; x86_64         ;
; Assembler                 ; Przemek-THINK    ; Windows 7 ; 6.1        ; x86_64         ;
; TimeQuest Timing Analyzer ; Przemek-THINK    ; Windows 7 ; 6.1        ; x86_64         ;
; EDA Netlist Writer        ; Przemek-THINK    ; Windows 7 ; 6.1        ; x86_64         ;
+---------------------------+------------------+-----------+------------+----------------+


------------
; Flow Log ;
------------
quartus_map --read_settings_files=on --write_settings_files=off NIOS_II -c NIOS_II
quartus_fit --read_settings_files=off --write_settings_files=off NIOS_II -c NIOS_II
quartus_asm --read_settings_files=off --write_settings_files=off NIOS_II -c NIOS_II
quartus_sta NIOS_II -c NIOS_II
quartus_eda --read_settings_files=off --write_settings_files=off NIOS_II -c NIOS_II



